<test-run id="2" testcasecount="2" result="Passed" start-time="2023-05-23 22:48:18.157304" end-time="2023-05-23 22:48:18.340080" duration="0" total="2" passed="2" failed="0" inconclusive="0" skipped="0" asserts="0" clr-version="3.9.13 (v3.9.13:6de2ca5339, May 17 2022, 11:23:25) &#10;[Clang 6.0 (clang-600.0.57)]" engine-version="3.6.2"><command-line>/Applications/PyCharm.app/Contents/plugins/python/helpers/pycharm/_jb_pytest_runner.py --cloud test_include_rendered_content.py</command-line><filter><test re="0">test_include_rendered_content.py</test></filter><test-suite id="tests/data_context/cloud_data_context/test_include_rendered_content.py" name="tests/data_context/cloud_data_context/test_include_rendered_content.py" fullname="tests/data_context/cloud_data_context/test_include_rendered_content.py" methodname="" classname="" runstate="Runnable" type="Assembly" testcasecount="2" result="Passed" label="" start-time="2023-05-23 22:48:18.258011" end-time="2023-05-23 22:48:18.337654" duration="0.079643" asserts="0" total="2" passed="2" failed="0" warnings="0" inconclusive="0" skipped="0"><properties><property name="python_version" value="3.9.13 (v3.9.13:6de2ca5339, May 17 2022, 11:23:25) &#10;[Clang 6.0 (clang-600.0.57)]" /></properties><test-case id="100" name="tests/data_context/cloud_data_context/test_include_rendered_content.py::test_cloud_backed_data_context_add_or_update_expectation_suite_include_rendered_content" fullname="tests/data_context/cloud_data_context/test_include_rendered_content.py::test_cloud_backed_data_context_add_or_update_expectation_suite_include_rendered_content" methodname="test_cloud_backed_data_context_add_or_update_expectation_suite_include_rendered_content" classname="tests/data_context/cloud_data_context/test_include_rendered_content.py" runstate="Runnable" seed="1" result="Passed" label="Cloud-backed contexts should save an ExpectationSuite with rendered_content by default." start-time="2023-05-23 22:48:18.258011" end-time="2023-05-23 22:48:18.278333" duration="0.020322" asserts="0"><properties><property name="python-version" value="3.9.13 (v3.9.13:6de2ca5339, May 17 2022, 11:23:25) &#10;[Clang 6.0 (clang-600.0.57)]" /><property name="fspath" value="tests/data_context/cloud_data_context/test_include_rendered_content.py" /></properties><environment framework-version="3.6.2" clr-version="3.9.13 (v3.9.13:6de2ca5339, May 17 2022, 11:23:25) &#10;[Clang 6.0 (clang-600.0.57)]" os-version="21.6.0" platform="Darwin" cwd="/Users/work/Development/great_expectations/tests/data_context/cloud_data_context" machine-name="x86_64" user="" user-domain="" culture="en_US" uiculture="en_US" os-architecture="64bit" /><failure><message><![CDATA[]]></message><stack-trace><![CDATA[None]]></stack-trace></failure><reason><message><![CDATA[]]></message></reason><output><![CDATA[]]></output></test-case><test-case id="101" name="tests/data_context/cloud_data_context/test_include_rendered_content.py::test_cloud_backed_data_context_expectation_validation_result_include_rendered_content" fullname="tests/data_context/cloud_data_context/test_include_rendered_content.py::test_cloud_backed_data_context_expectation_validation_result_include_rendered_content" methodname="test_cloud_backed_data_context_expectation_validation_result_include_rendered_content" classname="tests/data_context/cloud_data_context/test_include_rendered_content.py" runstate="Runnable" seed="1" result="Passed" label="All CloudDataContexts should save an ExpectationValidationResult with rendered_content by default." start-time="2023-05-23 22:48:18.301520" end-time="2023-05-23 22:48:18.337654" duration="0.036134" asserts="0"><properties><property name="python-version" value="3.9.13 (v3.9.13:6de2ca5339, May 17 2022, 11:23:25) &#10;[Clang 6.0 (clang-600.0.57)]" /><property name="fspath" value="tests/data_context/cloud_data_context/test_include_rendered_content.py" /></properties><environment framework-version="3.6.2" clr-version="3.9.13 (v3.9.13:6de2ca5339, May 17 2022, 11:23:25) &#10;[Clang 6.0 (clang-600.0.57)]" os-version="21.6.0" platform="Darwin" cwd="/Users/work/Development/great_expectations/tests/data_context/cloud_data_context" machine-name="x86_64" user="" user-domain="" culture="en_US" uiculture="en_US" os-architecture="64bit" /><failure><message><![CDATA[]]></message><stack-trace><![CDATA[None]]></stack-trace></failure><reason><message><![CDATA[]]></message></reason><output><![CDATA[]]></output></test-case><environment framework-version="3.6.2" clr-version="3.9.13 (v3.9.13:6de2ca5339, May 17 2022, 11:23:25) &#10;[Clang 6.0 (clang-600.0.57)]" os-version="21.6.0" platform="Darwin" cwd="/Users/work/Development/great_expectations/tests/data_context/cloud_data_context" machine-name="x86_64" user="" user-domain="" culture="en_US" uiculture="en_US" os-architecture="64bit" /></test-suite></test-run>
